[2024-10-30 23:09:10,728: INFO: main: The first info for test..]
[2024-10-30 23:39:35,539: INFO: main: The sec info for test..]
[2024-10-31 15:43:29,385: INFO: common: yaml file config\config.yaml is loaded succesfully]
[2024-10-31 15:43:29,397: INFO: common: yaml file params.yaml is loaded succesfully]
[2024-10-31 15:43:29,399: INFO: common: created directory at: artifacts]
[2024-10-31 15:45:52,852: INFO: common: yaml file config\config.yaml is loaded succesfully]
[2024-10-31 15:45:52,855: INFO: common: yaml file params.yaml is loaded succesfully]
[2024-10-31 15:45:52,855: INFO: common: created directory at: artifacts]
[2024-10-31 15:45:52,860: INFO: common: created directory at: artifacts/data_ingestion]
[2024-10-31 15:51:49,481: INFO: common: yaml file config\config.yaml is loaded succesfully]
[2024-10-31 15:51:49,488: INFO: common: yaml file params.yaml is loaded succesfully]
[2024-10-31 15:51:49,490: INFO: common: created directory at: artifacts]
[2024-10-31 15:51:49,492: INFO: common: created directory at: artifacts/data_ingestion]
[2024-10-31 15:53:44,441: INFO: common: yaml file config\config.yaml is loaded succesfully]
[2024-10-31 15:53:44,445: INFO: common: yaml file params.yaml is loaded succesfully]
[2024-10-31 15:53:44,446: INFO: common: created directory at: artifacts]
[2024-10-31 15:53:44,447: INFO: common: created directory at: artifacts/data_ingestion]
[2024-10-31 15:55:52,852: INFO: common: yaml file config\config.yaml is loaded succesfully]
[2024-10-31 15:55:52,857: INFO: common: yaml file params.yaml is loaded succesfully]
[2024-10-31 15:55:52,860: INFO: common: created directory at: artifacts]
[2024-10-31 15:55:52,860: INFO: common: created directory at: artifacts/data_ingestion]
[2024-10-31 15:55:52,863: INFO: 1726014640: downloading dataset from url https://drive.google.com/file/d/1vlhZ5c7abUKF8xXERIw6m9Te8fW7ohw3/view?usp=sharing into file artifacts/data_ingestion/data.zip]
[2024-10-31 15:58:57,332: INFO: 1726014640: Downloaded data from https://drive.google.com/file/d/1vlhZ5c7abUKF8xXERIw6m9Te8fW7ohw3/view?usp=sharing into file artifacts/data_ingestion/data.zip]
[2024-10-31 17:34:57,997: INFO: main: f>>>>>>>>> stage {stage_name} started <<<<<<<<]
[2024-10-31 17:34:57,998: INFO: common: yaml file config\config.yaml is loaded succesfully]
[2024-10-31 17:34:57,999: INFO: common: yaml file params.yaml is loaded succesfully]
[2024-10-31 17:34:58,000: INFO: common: created directory at: artifacts]
[2024-10-31 17:34:58,000: INFO: common: created directory at: artifacts/data_ingestion]
[2024-10-31 17:34:58,001: ERROR: main: name 'logger' is not defined]
Traceback (most recent call last):
  File "c:\Ml_Ops_Pro\main.py", line 10, in <module>
    data_ingestion.main()
  File "c:\Ml_Ops_Pro\src\CnnClasifier\pipeline\stage_01_data_ingestion.py", line 15, in main
    data_ingestion.download_data()
  File "c:\Ml_Ops_Pro\src\CnnClasifier\compo\data_inges.py", line 24, in download_data
    raise e
  File "c:\Ml_Ops_Pro\src\CnnClasifier\compo\data_inges.py", line 15, in download_data
    logger.info(f'downloading dataset from url {dataset_url} into file {zip_down_dir}')
    ^^^^^^
NameError: name 'logger' is not defined
[2024-10-31 17:37:48,861: INFO: main: f>>>>>>>>> stage {stage_name} started <<<<<<<<]
[2024-10-31 17:37:48,862: INFO: common: yaml file config\config.yaml is loaded succesfully]
[2024-10-31 17:37:48,863: INFO: common: yaml file params.yaml is loaded succesfully]
[2024-10-31 17:37:48,864: INFO: common: created directory at: artifacts]
[2024-10-31 17:37:48,864: INFO: common: created directory at: artifacts/data_ingestion]
[2024-10-31 17:37:48,865: INFO: data_inges: downloading dataset from url https://drive.google.com/file/d/1vlhZ5c7abUKF8xXERIw6m9Te8fW7ohw3/view?usp=sharing into file artifacts/data_ingestion/data.zip]
[2024-10-31 17:37:48,865: ERROR: main: name 'gdown' is not defined]
Traceback (most recent call last):
  File "c:\Ml_Ops_Pro\main.py", line 10, in <module>
    data_ingestion.main()
  File "c:\Ml_Ops_Pro\src\CnnClasifier\pipeline\stage_01_data_ingestion.py", line 15, in main
    data_ingestion.download_data()
  File "c:\Ml_Ops_Pro\src\CnnClasifier\compo\data_inges.py", line 25, in download_data
    raise e
  File "c:\Ml_Ops_Pro\src\CnnClasifier\compo\data_inges.py", line 20, in download_data
    gdown.download(prefix+file_id,zip_down_dir)
    ^^^^^
NameError: name 'gdown' is not defined
[2024-10-31 17:38:58,463: INFO: main: f>>>>>>>>> stage {stage_name} started <<<<<<<<]
[2024-10-31 17:38:58,464: INFO: common: yaml file config\config.yaml is loaded succesfully]
[2024-10-31 17:38:58,465: INFO: common: yaml file params.yaml is loaded succesfully]
[2024-10-31 17:38:58,466: INFO: common: created directory at: artifacts]
[2024-10-31 17:38:58,467: INFO: common: created directory at: artifacts/data_ingestion]
[2024-10-31 17:38:58,467: INFO: data_inges: downloading dataset from url https://drive.google.com/file/d/1vlhZ5c7abUKF8xXERIw6m9Te8fW7ohw3/view?usp=sharing into file artifacts/data_ingestion/data.zip]
[2024-10-31 17:45:30,483: INFO: data_inges: Downloaded data from https://drive.google.com/file/d/1vlhZ5c7abUKF8xXERIw6m9Te8fW7ohw3/view?usp=sharing into file artifacts/data_ingestion/data.zip]
[2024-10-31 17:45:30,485: ERROR: main: name 'zipfile' is not defined]
Traceback (most recent call last):
  File "c:\Ml_Ops_Pro\main.py", line 10, in <module>
    data_ingestion.main()
  File "c:\Ml_Ops_Pro\src\CnnClasifier\pipeline\stage_01_data_ingestion.py", line 16, in main
    data_ingestion.extract_zip()
  File "c:\Ml_Ops_Pro\src\CnnClasifier\compo\data_inges.py", line 31, in extract_zip
    with zipfile.ZipFile(self.config.local_data_file, 'r') as zip:
         ^^^^^^^
NameError: name 'zipfile' is not defined. Did you forget to import 'zipfile'
[2024-10-31 17:46:46,167: INFO: main: f>>>>>>>>> stage {stage_name} started <<<<<<<<]
[2024-10-31 17:46:46,167: INFO: common: yaml file config\config.yaml is loaded succesfully]
[2024-10-31 17:46:46,167: INFO: common: yaml file params.yaml is loaded succesfully]
[2024-10-31 17:46:46,167: INFO: common: created directory at: artifacts]
[2024-10-31 17:46:46,167: INFO: common: created directory at: artifacts/data_ingestion]
[2024-10-31 17:46:46,175: INFO: data_inges: downloading dataset from url https://drive.google.com/file/d/1vlhZ5c7abUKF8xXERIw6m9Te8fW7ohw3/view?usp=sharing into file artifacts/data_ingestion/data.zip]
[2024-10-31 17:52:08,264: INFO: data_inges: Downloaded data from https://drive.google.com/file/d/1vlhZ5c7abUKF8xXERIw6m9Te8fW7ohw3/view?usp=sharing into file artifacts/data_ingestion/data.zip]
[2024-10-31 17:52:09,737: INFO: main: >>>>>>>>>> sttage Data Ingestion Stage completed... <<<<<<<<<<<<<<]
[2024-11-01 01:03:09,556: INFO: common: yaml file config\config.yaml is loaded succesfully]
[2024-11-01 01:03:09,562: INFO: common: yaml file params.yaml is loaded succesfully]
[2024-11-01 01:03:09,567: INFO: common: created directory at: artifacts]
[2024-11-01 01:08:52,956: INFO: common: yaml file config\config.yaml is loaded succesfully]
[2024-11-01 01:08:52,960: INFO: common: yaml file params.yaml is loaded succesfully]
[2024-11-01 01:08:52,962: INFO: common: created directory at: artifacts]
[2024-11-01 01:13:06,253: INFO: common: yaml file config\config.yaml is loaded succesfully]
[2024-11-01 01:13:06,257: INFO: common: yaml file params.yaml is loaded succesfully]
[2024-11-01 01:13:06,259: INFO: common: created directory at: artifacts]
[2024-11-01 01:14:03,735: INFO: common: yaml file config\config.yaml is loaded succesfully]
[2024-11-01 01:14:03,739: INFO: common: yaml file params.yaml is loaded succesfully]
[2024-11-01 01:14:03,742: INFO: common: created directory at: artifacts]
[2024-11-01 01:15:09,944: INFO: common: yaml file config\config.yaml is loaded succesfully]
[2024-11-01 01:15:09,947: INFO: common: yaml file params.yaml is loaded succesfully]
[2024-11-01 01:15:09,950: INFO: common: created directory at: artifacts]
[2024-11-01 01:16:02,615: INFO: common: yaml file config\config.yaml is loaded succesfully]
[2024-11-01 01:16:02,619: INFO: common: yaml file params.yaml is loaded succesfully]
[2024-11-01 01:16:02,622: INFO: common: created directory at: artifacts]
[2024-11-01 01:16:02,624: INFO: common: created directory at: artifacts]
[2024-11-01 01:19:37,151: INFO: common: yaml file config\config.yaml is loaded succesfully]
[2024-11-01 01:19:37,154: INFO: common: yaml file params.yaml is loaded succesfully]
[2024-11-01 01:19:37,156: INFO: common: created directory at: artifacts]
[2024-11-01 01:19:37,158: INFO: common: created directory at: artifacts]
[2024-11-01 01:20:18,019: INFO: common: yaml file config\config.yaml is loaded succesfully]
[2024-11-01 01:20:18,021: INFO: common: yaml file params.yaml is loaded succesfully]
[2024-11-01 01:20:18,023: INFO: common: created directory at: artifacts]
[2024-11-01 01:20:18,026: INFO: common: created directory at: artifacts]
[2024-11-01 01:22:57,561: INFO: common: yaml file config\config.yaml is loaded succesfully]
[2024-11-01 01:22:57,578: INFO: common: yaml file params.yaml is loaded succesfully]
[2024-11-01 01:22:57,581: INFO: common: created directory at: artifacts]
[2024-11-01 01:22:57,585: INFO: common: created directory at: artifacts]
[2024-11-01 01:28:00,919: INFO: common: yaml file config\config.yaml is loaded succesfully]
[2024-11-01 01:28:00,924: INFO: common: yaml file params.yaml is loaded succesfully]
[2024-11-01 01:28:00,925: INFO: common: created directory at: artifacts]
[2024-11-01 01:28:00,927: INFO: common: created directory at: artifacts]
[2024-11-01 01:28:25,954: INFO: common: yaml file config\config.yaml is loaded succesfully]
[2024-11-01 01:28:25,958: INFO: common: yaml file params.yaml is loaded succesfully]
[2024-11-01 01:28:25,959: INFO: common: created directory at: artifacts]
[2024-11-01 01:28:25,961: INFO: common: created directory at: artifacts]
[2024-11-01 12:13:24,013: INFO: main: f>>>>>>>>> stage {stage_name} started <<<<<<<<]
[2024-11-01 12:14:50,595: INFO: main: f>>>>>>>>> stage {stage_name} started <<<<<<<<]
[2024-11-01 12:14:50,598: INFO: common: yaml file config\config.yaml is loaded succesfully]
[2024-11-01 12:14:50,607: INFO: common: yaml file params.yaml is loaded succesfully]
[2024-11-01 12:14:50,613: INFO: common: created directory at: artifacts]
[2024-11-01 12:14:50,613: INFO: common: created directory at: artifacts]
[2024-11-01 12:45:49,315: INFO: main: f>>>>>>>>> stage {stage_name} started <<<<<<<<]
[2024-11-01 12:45:49,317: INFO: common: yaml file config\config.yaml is loaded succesfully]
[2024-11-01 12:45:49,321: INFO: common: yaml file params.yaml is loaded succesfully]
[2024-11-01 12:45:49,322: INFO: common: created directory at: artifacts]
[2024-11-01 12:45:49,322: INFO: common: created directory at: artifacts]
[2024-11-01 12:54:56,736: INFO: main: f>>>>>>>>> stage {stage_name} started <<<<<<<<]
[2024-11-01 12:54:56,736: INFO: common: yaml file config\config.yaml is loaded succesfully]
[2024-11-01 12:54:56,736: INFO: common: yaml file params.yaml is loaded succesfully]
[2024-11-01 12:54:56,736: INFO: common: created directory at: artifacts]
[2024-11-01 12:54:56,736: INFO: common: created directory at: artifacts]
[2024-11-01 12:58:06,937: WARNING: saving_api: You are saving your model as an HDF5 file via `model.save()` or `keras.saving.save_model(model)`. This file format is considered legacy. We recommend using instead the native Keras format, e.g. `model.save('my_model.keras')` or `keras.saving.save_model(model, 'my_model.keras')`. ]
[2024-11-01 12:58:07,362: WARNING: saving_api: You are saving your model as an HDF5 file via `model.save()` or `keras.saving.save_model(model)`. This file format is considered legacy. We recommend using instead the native Keras format, e.g. `model.save('my_model.keras')` or `keras.saving.save_model(model, 'my_model.keras')`. ]
[2024-11-01 12:58:07,730: INFO: main: >>>>>>>>>> sttage Data Ingestion Stage completed... <<<<<<<<<<<<<<]
[2024-11-01 14:22:00,664: INFO: common: yaml file config\config.yaml is loaded succesfully]
[2024-11-01 14:22:00,667: INFO: common: yaml file params.yaml is loaded succesfully]
[2024-11-01 14:25:07,389: INFO: common: yaml file config\config.yaml is loaded succesfully]
[2024-11-01 14:25:07,392: INFO: common: yaml file params.yaml is loaded succesfully]
[2024-11-01 14:25:07,394: INFO: common: created directory at: artifacts]
[2024-11-01 14:25:07,395: INFO: common: created directory at: artifacts\training]
[2024-11-01 14:25:07,692: WARNING: saving_utils: Compiled the loaded model, but the compiled metrics have yet to be built. `model.compile_metrics` will be empty until you train or evaluate the model.]
[2024-11-01 14:32:04,397: INFO: common: yaml file config\config.yaml is loaded succesfully]
[2024-11-01 14:32:04,399: INFO: common: yaml file params.yaml is loaded succesfully]
[2024-11-01 14:32:04,400: INFO: common: created directory at: artifacts]
[2024-11-01 14:32:04,402: INFO: common: created directory at: artifacts\training]
[2024-11-01 14:32:04,607: WARNING: saving_utils: Compiled the loaded model, but the compiled metrics have yet to be built. `model.compile_metrics` will be empty until you train or evaluate the model.]
[2024-11-01 14:32:55,674: INFO: common: yaml file config\config.yaml is loaded succesfully]
[2024-11-01 14:32:55,677: INFO: common: yaml file params.yaml is loaded succesfully]
[2024-11-01 14:32:55,677: INFO: common: created directory at: artifacts]
[2024-11-01 14:32:55,680: INFO: common: created directory at: artifacts\training]
[2024-11-01 14:32:55,850: WARNING: saving_utils: Compiled the loaded model, but the compiled metrics have yet to be built. `model.compile_metrics` will be empty until you train or evaluate the model.]
[2024-11-01 14:34:52,530: INFO: common: yaml file config\config.yaml is loaded succesfully]
[2024-11-01 14:34:52,532: INFO: common: yaml file params.yaml is loaded succesfully]
[2024-11-01 14:34:52,534: INFO: common: created directory at: artifacts]
[2024-11-01 14:34:52,535: INFO: common: created directory at: artifacts\training]
[2024-11-01 14:34:52,719: WARNING: saving_utils: Compiled the loaded model, but the compiled metrics have yet to be built. `model.compile_metrics` will be empty until you train or evaluate the model.]
[2024-11-01 14:35:53,405: INFO: common: yaml file config\config.yaml is loaded succesfully]
[2024-11-01 14:35:53,408: INFO: common: yaml file params.yaml is loaded succesfully]
[2024-11-01 14:35:53,409: INFO: common: created directory at: artifacts]
[2024-11-01 14:35:53,411: INFO: common: created directory at: artifacts\training]
[2024-11-01 14:35:53,597: WARNING: saving_utils: Compiled the loaded model, but the compiled metrics have yet to be built. `model.compile_metrics` will be empty until you train or evaluate the model.]
[2024-11-01 14:39:30,129: INFO: common: yaml file config\config.yaml is loaded succesfully]
[2024-11-01 14:39:30,132: INFO: common: yaml file params.yaml is loaded succesfully]
[2024-11-01 14:39:30,133: INFO: common: created directory at: artifacts]
[2024-11-01 14:39:30,134: INFO: common: created directory at: artifacts\training]
[2024-11-01 14:39:30,308: WARNING: saving_utils: Compiled the loaded model, but the compiled metrics have yet to be built. `model.compile_metrics` will be empty until you train or evaluate the model.]
[2024-11-01 14:40:22,121: INFO: common: yaml file config\config.yaml is loaded succesfully]
[2024-11-01 14:40:22,124: INFO: common: yaml file params.yaml is loaded succesfully]
[2024-11-01 14:40:22,125: INFO: common: created directory at: artifacts]
[2024-11-01 14:40:22,127: INFO: common: created directory at: artifacts\training]
[2024-11-01 14:40:22,300: WARNING: saving_utils: Compiled the loaded model, but the compiled metrics have yet to be built. `model.compile_metrics` will be empty until you train or evaluate the model.]
[2024-11-01 14:41:48,107: INFO: common: yaml file config\config.yaml is loaded succesfully]
[2024-11-01 14:41:48,110: INFO: common: yaml file params.yaml is loaded succesfully]
[2024-11-01 14:41:48,112: INFO: common: created directory at: artifacts]
[2024-11-01 14:41:48,113: INFO: common: created directory at: artifacts\training]
[2024-11-01 14:41:48,283: WARNING: saving_utils: Compiled the loaded model, but the compiled metrics have yet to be built. `model.compile_metrics` will be empty until you train or evaluate the model.]
[2024-11-01 14:43:20,076: INFO: common: yaml file config\config.yaml is loaded succesfully]
[2024-11-01 14:43:20,078: INFO: common: yaml file params.yaml is loaded succesfully]
[2024-11-01 14:43:20,080: INFO: common: created directory at: artifacts]
[2024-11-01 14:43:20,081: INFO: common: created directory at: artifacts\training]
[2024-11-01 14:43:20,349: WARNING: saving_utils: Compiled the loaded model, but the compiled metrics have yet to be built. `model.compile_metrics` will be empty until you train or evaluate the model.]
[2024-11-01 14:52:48,812: INFO: common: yaml file config\config.yaml is loaded succesfully]
[2024-11-01 14:52:48,813: INFO: common: yaml file params.yaml is loaded succesfully]
[2024-11-01 14:52:48,820: INFO: common: created directory at: artifacts]
[2024-11-01 14:52:48,822: INFO: common: created directory at: artifacts\training]
[2024-11-01 14:52:49,534: WARNING: saving_utils: Compiled the loaded model, but the compiled metrics have yet to be built. `model.compile_metrics` will be empty until you train or evaluate the model.]
[2024-11-01 14:54:03,954: INFO: common: yaml file config\config.yaml is loaded succesfully]
[2024-11-01 14:54:03,960: INFO: common: yaml file params.yaml is loaded succesfully]
[2024-11-01 14:54:03,962: INFO: common: created directory at: artifacts]
[2024-11-01 14:54:03,962: INFO: common: created directory at: artifacts\training]
[2024-11-01 14:54:04,420: WARNING: saving_utils: Compiled the loaded model, but the compiled metrics have yet to be built. `model.compile_metrics` will be empty until you train or evaluate the model.]
[2024-11-01 15:00:38,410: INFO: common: yaml file config\config.yaml is loaded succesfully]
[2024-11-01 15:00:38,415: INFO: common: yaml file params.yaml is loaded succesfully]
[2024-11-01 15:00:38,420: INFO: common: created directory at: artifacts]
[2024-11-01 15:00:38,422: INFO: common: created directory at: artifacts\training]
[2024-11-01 15:00:38,891: WARNING: saving_utils: Compiled the loaded model, but the compiled metrics have yet to be built. `model.compile_metrics` will be empty until you train or evaluate the model.]
[2024-11-01 15:09:13,930: INFO: main: f>>>>>>>>> stage {stage_name} started <<<<<<<<]
[2024-11-01 15:09:13,930: INFO: common: yaml file config\config.yaml is loaded succesfully]
[2024-11-01 15:09:13,930: INFO: common: yaml file params.yaml is loaded succesfully]
[2024-11-01 15:09:13,930: INFO: common: created directory at: artifacts]
[2024-11-01 15:09:13,930: INFO: common: created directory at: artifacts]
[2024-11-01 15:12:50,166: INFO: main: f>>>>>>>>> stage {stage_name} started <<<<<<<<]
[2024-11-01 15:12:50,176: INFO: common: yaml file config\config.yaml is loaded succesfully]
[2024-11-01 15:12:50,180: INFO: common: yaml file params.yaml is loaded succesfully]
[2024-11-01 15:12:50,182: INFO: common: created directory at: artifacts]
[2024-11-01 15:12:50,182: INFO: common: created directory at: artifacts]
[2024-11-01 15:12:50,901: WARNING: saving_api: You are saving your model as an HDF5 file via `model.save()` or `keras.saving.save_model(model)`. This file format is considered legacy. We recommend using instead the native Keras format, e.g. `model.save('my_model.keras')` or `keras.saving.save_model(model, 'my_model.keras')`. ]
[2024-11-01 15:12:51,203: WARNING: saving_api: You are saving your model as an HDF5 file via `model.save()` or `keras.saving.save_model(model)`. This file format is considered legacy. We recommend using instead the native Keras format, e.g. `model.save('my_model.keras')` or `keras.saving.save_model(model, 'my_model.keras')`. ]
[2024-11-01 15:12:51,413: INFO: main: >>>>>>>>>> sttage Data Ingestion Stage completed... <<<<<<<<<<<<<<]
[2024-11-01 15:14:05,529: INFO: common: yaml file config\config.yaml is loaded succesfully]
[2024-11-01 15:14:05,533: INFO: common: yaml file params.yaml is loaded succesfully]
[2024-11-01 15:14:05,537: INFO: common: created directory at: artifacts]
[2024-11-01 15:14:05,537: INFO: common: created directory at: artifacts\training]
[2024-11-01 15:14:06,271: WARNING: saving_utils: Compiled the loaded model, but the compiled metrics have yet to be built. `model.compile_metrics` will be empty until you train or evaluate the model.]
[2024-11-01 15:16:58,643: INFO: common: yaml file config\config.yaml is loaded succesfully]
[2024-11-01 15:16:58,648: INFO: common: yaml file params.yaml is loaded succesfully]
[2024-11-01 15:16:58,650: INFO: common: created directory at: artifacts]
[2024-11-01 15:16:58,651: INFO: common: created directory at: artifacts\training]
[2024-11-01 15:16:59,052: WARNING: saving_utils: Compiled the loaded model, but the compiled metrics have yet to be built. `model.compile_metrics` will be empty until you train or evaluate the model.]
[2024-11-01 15:21:44,928: INFO: common: yaml file config\config.yaml is loaded succesfully]
[2024-11-01 15:21:44,932: INFO: common: yaml file params.yaml is loaded succesfully]
[2024-11-01 15:21:44,934: INFO: common: created directory at: artifacts]
[2024-11-01 15:21:44,934: INFO: common: created directory at: artifacts\training]
[2024-11-01 15:21:45,304: WARNING: saving_utils: Compiled the loaded model, but the compiled metrics have yet to be built. `model.compile_metrics` will be empty until you train or evaluate the model.]
[2024-11-01 19:51:10,704: INFO: main: f>>>>>>>>>>> stage of  >>>>>>>>]
[2024-11-01 19:51:10,704: INFO: main: f>>>>>>>>>>> MODEL TRAINING STARTED >>>>>>>>]
[2024-11-01 19:52:17,297: INFO: main: f>>>>>>>>>>> stage of  >>>>>>>>]
[2024-11-01 19:52:17,299: INFO: main: f>>>>>>>>>>> MODEL TRAINING STARTED >>>>>>>>]
[2024-11-01 19:52:17,334: INFO: common: yaml file config\config.yaml is loaded succesfully]
[2024-11-01 19:52:17,365: INFO: common: yaml file params.yaml is loaded succesfully]
[2024-11-01 19:52:17,367: INFO: common: created directory at: artifacts]
[2024-11-01 19:52:17,370: INFO: common: created directory at: artifacts\training]
[2024-11-01 19:52:18,195: WARNING: saving_utils: Compiled the loaded model, but the compiled metrics have yet to be built. `model.compile_metrics` will be empty until you train or evaluate the model.]
[2024-11-01 22:56:07,053: INFO: main: f>>>>>>>>>>> stage of  >>>>>>>>]
[2024-11-01 22:56:07,053: INFO: main: f>>>>>>>>>>> MODEL TRAINING STARTED >>>>>>>>]
[2024-11-01 22:56:07,063: INFO: common: yaml file config\config.yaml is loaded succesfully]
[2024-11-01 22:56:07,097: INFO: common: yaml file params.yaml is loaded succesfully]
[2024-11-01 22:56:07,098: INFO: common: created directory at: artifacts]
[2024-11-01 22:56:07,098: INFO: common: created directory at: artifacts\training]
[2024-11-01 22:57:30,941: INFO: main: f>>>>>>>>> stage {stage_name} started <<<<<<<<]
[2024-11-01 22:57:30,945: INFO: common: yaml file config\config.yaml is loaded succesfully]
[2024-11-01 22:57:30,951: INFO: common: yaml file params.yaml is loaded succesfully]
[2024-11-01 22:57:30,956: INFO: common: created directory at: artifacts]
[2024-11-01 22:57:30,959: INFO: common: created directory at: artifacts/data_ingestion]
[2024-11-01 22:57:30,961: INFO: data_inges: downloading dataset from url https://drive.google.com/file/d/1vlhZ5c7abUKF8xXERIw6m9Te8fW7ohw3/view?usp=sharing into file artifacts/data_ingestion/data.zip]
[2024-11-01 22:58:37,281: INFO: data_inges: Downloaded data from https://drive.google.com/file/d/1vlhZ5c7abUKF8xXERIw6m9Te8fW7ohw3/view?usp=sharing into file artifacts/data_ingestion/data.zip]
[2024-11-01 22:58:38,939: INFO: main: >>>>>>>>>> sttage Data Ingestion Stage completed... <<<<<<<<<<<<<<]
[2024-11-01 23:00:34,905: INFO: main: f>>>>>>>>> stage {stage_name} started <<<<<<<<]
[2024-11-01 23:00:34,910: INFO: common: yaml file config\config.yaml is loaded succesfully]
[2024-11-01 23:00:34,921: INFO: common: yaml file params.yaml is loaded succesfully]
[2024-11-01 23:00:34,923: INFO: common: created directory at: artifacts]
[2024-11-01 23:00:34,923: INFO: common: created directory at: artifacts]
[2024-11-01 23:00:36,299: WARNING: saving_api: You are saving your model as an HDF5 file via `model.save()` or `keras.saving.save_model(model)`. This file format is considered legacy. We recommend using instead the native Keras format, e.g. `model.save('my_model.keras')` or `keras.saving.save_model(model, 'my_model.keras')`. ]
[2024-11-01 23:00:36,848: WARNING: saving_api: You are saving your model as an HDF5 file via `model.save()` or `keras.saving.save_model(model)`. This file format is considered legacy. We recommend using instead the native Keras format, e.g. `model.save('my_model.keras')` or `keras.saving.save_model(model, 'my_model.keras')`. ]
[2024-11-01 23:00:37,143: INFO: main: >>>>>>>>>> sttage preparing base model completed... <<<<<<<<<<<<<<]
[2024-11-01 23:31:41,122: INFO: main: f>>>>>>>>>>> stage of  >>>>>>>>]
[2024-11-01 23:31:41,122: INFO: main: f>>>>>>>>>>> MODEL TRAINING STARTED >>>>>>>>]
[2024-11-01 23:31:41,156: INFO: common: yaml file config\config.yaml is loaded succesfully]
[2024-11-01 23:31:41,191: INFO: common: yaml file params.yaml is loaded succesfully]
[2024-11-01 23:31:41,194: INFO: common: created directory at: artifacts]
[2024-11-01 23:31:41,196: INFO: common: created directory at: artifacts\training]
[2024-11-01 23:31:42,305: WARNING: saving_utils: Compiled the loaded model, but the compiled metrics have yet to be built. `model.compile_metrics` will be empty until you train or evaluate the model.]
[2024-11-01 23:40:22,421: WARNING: saving_api: You are saving your model as an HDF5 file via `model.save()` or `keras.saving.save_model(model)`. This file format is considered legacy. We recommend using instead the native Keras format, e.g. `model.save('my_model.keras')` or `keras.saving.save_model(model, 'my_model.keras')`. ]
[2024-11-01 23:40:22,576: INFO: main: f<<<<<<<<<<<<<<< stage of {stage_name} MODEL TRAINING FINISHED<<<<<<<<<<<<<<<<<<<]
[2024-11-02 00:47:46,415: INFO: main: f>>>>>>>>>>> stage of  >>>>>>>>]
[2024-11-02 00:47:46,416: INFO: main: f>>>>>>>>>>> MODEL TRAINING STARTED >>>>>>>>]
[2024-11-02 00:47:46,418: INFO: common: yaml file config\config.yaml is loaded succesfully]
[2024-11-02 00:47:46,421: INFO: common: yaml file params.yaml is loaded succesfully]
[2024-11-02 00:47:46,421: INFO: common: created directory at: artifacts]
[2024-11-02 00:47:46,425: INFO: common: created directory at: artifacts\training]
[2024-11-02 00:48:21,222: INFO: main: f>>>>>>>>>>> stage of  >>>>>>>>]
[2024-11-02 00:48:21,226: INFO: main: f>>>>>>>>>>> MODEL TRAINING STARTED >>>>>>>>]
[2024-11-02 00:48:21,236: INFO: common: yaml file config\config.yaml is loaded succesfully]
[2024-11-02 00:48:21,317: INFO: common: yaml file params.yaml is loaded succesfully]
[2024-11-02 00:48:21,319: INFO: common: created directory at: artifacts]
[2024-11-02 00:48:21,319: INFO: common: created directory at: artifacts\training]
[2024-11-02 00:48:22,427: WARNING: saving_utils: Compiled the loaded model, but the compiled metrics have yet to be built. `model.compile_metrics` will be empty until you train or evaluate the model.]
[2024-11-02 00:50:11,820: WARNING: saving_api: You are saving your model as an HDF5 file via `model.save()` or `keras.saving.save_model(model)`. This file format is considered legacy. We recommend using instead the native Keras format, e.g. `model.save('my_model.keras')` or `keras.saving.save_model(model, 'my_model.keras')`. ]
[2024-11-02 00:50:12,126: INFO: main: f<<<<<<<<<<<<<<< stage of {stage_name} MODEL TRAINING FINISHED<<<<<<<<<<<<<<<<<<<]
[2024-11-02 17:41:52,792: WARNING: saving_utils: Compiled the loaded model, but the compiled metrics have yet to be built. `model.compile_metrics` will be empty until you train or evaluate the model.]
[2024-11-02 17:41:54,616: INFO: _client: HTTP Request: GET https://dagshub.com/api/v1/user "HTTP/1.1 200 OK"]
[2024-11-02 17:41:54,648: INFO: helpers: Accessing as sharadnaik001]
[2024-11-02 17:41:56,735: INFO: _client: HTTP Request: GET https://dagshub.com/api/v1/repos/sharadnaik001/ml_ops-pro "HTTP/1.1 200 OK"]
[2024-11-02 17:41:56,749: INFO: helpers: Initialized MLflow to track repo "sharadnaik001/ml_ops-pro"]
[2024-11-02 17:41:56,755: INFO: helpers: Repository sharadnaik001/ml_ops-pro initialized!]
[2024-11-02 17:41:57,360: WARNING: saving_utils: Compiled the loaded model, but the compiled metrics have yet to be built. `model.compile_metrics` will be empty until you train or evaluate the model.]
[2024-11-02 17:41:57,370: INFO: main: f>>>>>>>>>>> stage of  >>>>>>>>]
[2024-11-02 17:41:57,370: INFO: main: f>>>>>>>>>>> MODEL EVALUATION STARTED >>>>>>>>]
[2024-11-02 17:44:21,497: WARNING: saving_utils: Compiled the loaded model, but the compiled metrics have yet to be built. `model.compile_metrics` will be empty until you train or evaluate the model.]
[2024-11-02 17:44:25,112: INFO: _client: HTTP Request: GET https://dagshub.com/api/v1/user "HTTP/1.1 200 OK"]
[2024-11-02 17:44:25,127: INFO: helpers: Accessing as sharadnaik001]
[2024-11-02 17:44:26,649: INFO: _client: HTTP Request: GET https://dagshub.com/api/v1/repos/sharadnaik001/ml_ops-pro "HTTP/1.1 200 OK"]
[2024-11-02 17:44:26,657: INFO: helpers: Initialized MLflow to track repo "sharadnaik001/ml_ops-pro"]
[2024-11-02 17:44:26,666: INFO: helpers: Repository sharadnaik001/ml_ops-pro initialized!]
[2024-11-02 17:44:27,122: WARNING: saving_utils: Compiled the loaded model, but the compiled metrics have yet to be built. `model.compile_metrics` will be empty until you train or evaluate the model.]
[2024-11-02 17:44:27,132: INFO: main: f>>>>>>>>>>> stage of  >>>>>>>>]
[2024-11-02 17:44:27,132: INFO: main: f>>>>>>>>>>> MODEL EVALUATION STARTED >>>>>>>>]
[2024-11-02 17:44:27,137: INFO: common: yaml file config\config.yaml is loaded succesfully]
[2024-11-02 17:44:27,143: INFO: common: yaml file params.yaml is loaded succesfully]
[2024-11-02 17:44:27,148: INFO: common: created directory at: artifacts]
[2024-11-02 17:44:27,584: WARNING: saving_utils: Compiled the loaded model, but the compiled metrics have yet to be built. `model.compile_metrics` will be empty until you train or evaluate the model.]
[2024-11-02 17:48:00,132: WARNING: saving_utils: Compiled the loaded model, but the compiled metrics have yet to be built. `model.compile_metrics` will be empty until you train or evaluate the model.]
[2024-11-02 17:48:01,586: INFO: _client: HTTP Request: GET https://dagshub.com/api/v1/user "HTTP/1.1 200 OK"]
[2024-11-02 17:48:01,615: INFO: helpers: Accessing as sharadnaik001]
[2024-11-02 17:48:03,225: INFO: _client: HTTP Request: GET https://dagshub.com/api/v1/repos/sharadnaik001/ml_ops-pro "HTTP/1.1 200 OK"]
[2024-11-02 17:48:03,239: INFO: helpers: Initialized MLflow to track repo "sharadnaik001/ml_ops-pro"]
[2024-11-02 17:48:03,246: INFO: helpers: Repository sharadnaik001/ml_ops-pro initialized!]
[2024-11-02 17:48:03,671: WARNING: saving_utils: Compiled the loaded model, but the compiled metrics have yet to be built. `model.compile_metrics` will be empty until you train or evaluate the model.]
[2024-11-02 17:48:03,676: INFO: main: f>>>>>>>>>>> stage of  >>>>>>>>]
[2024-11-02 17:48:03,676: INFO: main: f>>>>>>>>>>> MODEL EVALUATION STARTED >>>>>>>>]
[2024-11-02 17:48:03,682: INFO: common: yaml file config\config.yaml is loaded succesfully]
[2024-11-02 17:48:03,682: INFO: common: yaml file params.yaml is loaded succesfully]
[2024-11-02 17:48:03,686: INFO: common: created directory at: artifacts]
[2024-11-02 17:48:04,056: WARNING: saving_utils: Compiled the loaded model, but the compiled metrics have yet to be built. `model.compile_metrics` will be empty until you train or evaluate the model.]
[2024-11-02 17:49:33,389: WARNING: saving_utils: Compiled the loaded model, but the compiled metrics have yet to be built. `model.compile_metrics` will be empty until you train or evaluate the model.]
[2024-11-02 17:49:36,306: INFO: _client: HTTP Request: GET https://dagshub.com/api/v1/user "HTTP/1.1 200 OK"]
[2024-11-02 17:49:36,324: INFO: helpers: Accessing as sharadnaik001]
[2024-11-02 17:49:37,740: INFO: _client: HTTP Request: GET https://dagshub.com/api/v1/repos/sharadnaik001/ml_ops-pro "HTTP/1.1 200 OK"]
[2024-11-02 17:49:37,751: INFO: helpers: Initialized MLflow to track repo "sharadnaik001/ml_ops-pro"]
[2024-11-02 17:49:37,757: INFO: helpers: Repository sharadnaik001/ml_ops-pro initialized!]
[2024-11-02 17:49:38,153: WARNING: saving_utils: Compiled the loaded model, but the compiled metrics have yet to be built. `model.compile_metrics` will be empty until you train or evaluate the model.]
[2024-11-02 17:49:38,157: INFO: main: f>>>>>>>>>>> stage of  >>>>>>>>]
[2024-11-02 17:49:38,157: INFO: main: f>>>>>>>>>>> MODEL EVALUATION STARTED >>>>>>>>]
[2024-11-02 17:49:38,163: INFO: common: yaml file config\config.yaml is loaded succesfully]
[2024-11-02 17:49:38,165: INFO: common: yaml file params.yaml is loaded succesfully]
[2024-11-02 17:49:38,168: INFO: common: created directory at: artifacts]
[2024-11-02 17:49:38,523: WARNING: saving_utils: Compiled the loaded model, but the compiled metrics have yet to be built. `model.compile_metrics` will be empty until you train or evaluate the model.]
[2024-11-02 17:50:05,856: INFO: common: json file saved at: scores.json]
[2024-11-02 17:56:19,144: WARNING: connectionpool: Retrying (Retry(total=4, connect=5, read=5, redirect=5, status=5)) after connection broken by 'SSLEOFError(8, 'EOF occurred in violation of protocol (_ssl.c:2406)')': /sharadnaik001/ml_ops-pro.mlflow/api/2.0/mlflow-artifacts/artifacts/7fbafbfe954f4f1d94a884b5645e8681/43e66e135597438aa6084652bf77e5f3/artifacts/model/data/model.keras]
[2024-11-02 17:56:24,039: WARNING: connectionpool: Retrying (Retry(total=3, connect=4, read=5, redirect=5, status=5)) after connection broken by 'NameResolutionError("<urllib3.connection.HTTPSConnection object at 0x000001BBEE1916A0>: Failed to resolve 'dagshub.com' ([Errno 11001] getaddrinfo failed)")': /sharadnaik001/ml_ops-pro.mlflow/api/2.0/mlflow-artifacts/artifacts/7fbafbfe954f4f1d94a884b5645e8681/43e66e135597438aa6084652bf77e5f3/artifacts/model/data/model.keras]
[2024-11-02 17:56:32,276: WARNING: connectionpool: Retrying (Retry(total=2, connect=3, read=5, redirect=5, status=5)) after connection broken by 'NameResolutionError("<urllib3.connection.HTTPSConnection object at 0x000001BBEE190BC0>: Failed to resolve 'dagshub.com' ([Errno 11001] getaddrinfo failed)")': /sharadnaik001/ml_ops-pro.mlflow/api/2.0/mlflow-artifacts/artifacts/7fbafbfe954f4f1d94a884b5645e8681/43e66e135597438aa6084652bf77e5f3/artifacts/model/data/model.keras]
[2024-11-02 17:58:28,572: WARNING: connectionpool: Retrying (Retry(total=1, connect=3, read=5, redirect=5, status=5)) after connection broken by 'SSLEOFError(8, 'EOF occurred in violation of protocol (_ssl.c:2406)')': /sharadnaik001/ml_ops-pro.mlflow/api/2.0/mlflow-artifacts/artifacts/7fbafbfe954f4f1d94a884b5645e8681/43e66e135597438aa6084652bf77e5f3/artifacts/model/data/model.keras]
[2024-11-02 18:19:43,701: WARNING: saving_utils: Compiled the loaded model, but the compiled metrics have yet to be built. `model.compile_metrics` will be empty until you train or evaluate the model.]
[2024-11-02 18:19:45,204: INFO: _client: HTTP Request: GET https://dagshub.com/api/v1/user "HTTP/1.1 200 OK"]
[2024-11-02 18:19:45,223: INFO: helpers: Accessing as sharadnaik001]
[2024-11-02 18:19:46,533: INFO: _client: HTTP Request: GET https://dagshub.com/api/v1/repos/sharadnaik001/ml_ops-pro "HTTP/1.1 200 OK"]
[2024-11-02 18:19:46,551: INFO: helpers: Initialized MLflow to track repo "sharadnaik001/ml_ops-pro"]
[2024-11-02 18:19:46,556: INFO: helpers: Repository sharadnaik001/ml_ops-pro initialized!]
[2024-11-02 18:19:47,131: WARNING: saving_utils: Compiled the loaded model, but the compiled metrics have yet to be built. `model.compile_metrics` will be empty until you train or evaluate the model.]
[2024-11-02 18:19:47,136: INFO: main: f>>>>>>>>>>> stage of  >>>>>>>>]
[2024-11-02 18:19:47,136: INFO: main: f>>>>>>>>>>> MODEL EVALUATION STARTED >>>>>>>>]
[2024-11-02 18:19:47,140: INFO: common: yaml file config\config.yaml is loaded succesfully]
[2024-11-02 18:19:47,141: INFO: common: yaml file params.yaml is loaded succesfully]
[2024-11-02 18:19:47,144: INFO: common: created directory at: artifacts]
[2024-11-02 18:19:47,592: WARNING: saving_utils: Compiled the loaded model, but the compiled metrics have yet to be built. `model.compile_metrics` will be empty until you train or evaluate the model.]
[2024-11-02 18:20:19,698: INFO: common: json file saved at: scores.json]
[2024-11-02 18:22:24,298: WARNING: evalution: Model registration failed: API request to endpoint /api/2.0/mlflow/registered-models/create failed with error code 404 != 200. Response body: '404 page not found
']
[2024-11-02 18:22:25,564: INFO: main: f<<<<<<<<<<<<<<< stage of MODEL EVALUATION WITH ML-FLOW FINISHED<<<<<<<<<<<<<<<<<<<]
[2024-11-02 21:01:55,527: INFO: stage_01_data_ingestion: f>>>>>>>>> stage {stage_name} started <<<<<<<<]
[2024-11-02 21:01:55,532: INFO: common: yaml file config\config.yaml is loaded succesfully]
[2024-11-02 21:01:55,539: INFO: common: yaml file params.yaml is loaded succesfully]
[2024-11-02 21:01:55,542: INFO: common: created directory at: artifacts]
[2024-11-02 21:01:55,544: INFO: common: created directory at: artifacts/data_ingestion]
[2024-11-02 21:01:55,547: INFO: data_inges: downloading dataset from url https://drive.google.com/file/d/1vlhZ5c7abUKF8xXERIw6m9Te8fW7ohw3/view?usp=sharing into file artifacts/data_ingestion/data.zip]
[2024-11-02 21:33:48,901: INFO: stage_01_data_ingestion: f>>>>>>>>> stage {stage_name} started <<<<<<<<]
[2024-11-02 21:33:48,905: INFO: common: yaml file config\config.yaml is loaded succesfully]
[2024-11-02 21:33:48,911: INFO: common: yaml file params.yaml is loaded succesfully]
[2024-11-02 21:33:48,916: INFO: common: created directory at: artifacts]
[2024-11-02 21:33:48,916: INFO: common: created directory at: artifacts/data_ingestion]
[2024-11-02 21:33:48,916: INFO: data_inges: downloading dataset from url https://drive.google.com/file/d/1vlhZ5c7abUKF8xXERIw6m9Te8fW7ohw3/view?usp=sharing into file artifacts/data_ingestion/data.zip]
[2024-11-02 23:08:36,877: INFO: stage_01_data_ingestion: f>>>>>>>>> stage {stage_name} started <<<<<<<<]
[2024-11-02 23:08:36,879: INFO: common: yaml file config\config.yaml is loaded succesfully]
[2024-11-02 23:08:36,882: INFO: common: yaml file params.yaml is loaded succesfully]
[2024-11-02 23:08:36,885: INFO: common: created directory at: artifacts]
[2024-11-02 23:08:36,885: INFO: common: created directory at: artifacts/data_ingestion]
[2024-11-02 23:08:36,887: INFO: data_inges: downloading dataset from url https://drive.google.com/file/d/1vlhZ5c7abUKF8xXERIw6m9Te8fW7ohw3/view?usp=sharing into file artifacts/data_ingestion/data.zip]
[2024-11-02 23:09:11,037: INFO: stage_01_data_ingestion: f>>>>>>>>> stage {stage_name} started <<<<<<<<]
[2024-11-02 23:09:11,043: INFO: common: yaml file config\config.yaml is loaded succesfully]
[2024-11-02 23:09:11,049: INFO: common: yaml file params.yaml is loaded succesfully]
[2024-11-02 23:09:11,052: INFO: common: created directory at: artifacts]
[2024-11-02 23:09:11,053: INFO: common: created directory at: artifacts/data_ingestion]
[2024-11-02 23:09:11,054: INFO: data_inges: downloading dataset from url https://drive.google.com/file/d/1vlhZ5c7abUKF8xXERIw6m9Te8fW7ohw3/view?usp=sharing into file artifacts/data_ingestion/data.zip]
[2024-11-02 23:11:04,938: INFO: data_inges: Downloaded data from https://drive.google.com/file/d/1vlhZ5c7abUKF8xXERIw6m9Te8fW7ohw3/view?usp=sharing into file artifacts/data_ingestion/data.zip]
[2024-11-02 23:11:08,062: INFO: stage_01_data_ingestion: >>>>>>>>>> sttage Data Ingestion stage completed... <<<<<<<<<<<<<<]
[2024-11-02 23:12:32,245: INFO: stage_02_pre_bse_mdl: f>>>>>>>>> stage {stage_name} started <<<<<<<<]
[2024-11-02 23:12:32,254: INFO: common: yaml file config\config.yaml is loaded succesfully]
[2024-11-02 23:12:32,263: INFO: common: yaml file params.yaml is loaded succesfully]
[2024-11-02 23:12:32,263: INFO: common: created directory at: artifacts]
[2024-11-02 23:12:32,267: INFO: common: created directory at: artifacts]
[2024-11-02 23:12:33,849: WARNING: saving_api: You are saving your model as an HDF5 file via `model.save()` or `keras.saving.save_model(model)`. This file format is considered legacy. We recommend using instead the native Keras format, e.g. `model.save('my_model.keras')` or `keras.saving.save_model(model, 'my_model.keras')`. ]
[2024-11-02 23:12:34,582: WARNING: saving_api: You are saving your model as an HDF5 file via `model.save()` or `keras.saving.save_model(model)`. This file format is considered legacy. We recommend using instead the native Keras format, e.g. `model.save('my_model.keras')` or `keras.saving.save_model(model, 'my_model.keras')`. ]
[2024-11-02 23:12:35,074: INFO: stage_02_pre_bse_mdl: >>>>>>>>>> sttage Preparing BAse Model ... completed... <<<<<<<<<<<<<<]
[2024-11-02 23:13:02,002: INFO: stage_03_model_training: f>>>>>>>>>>> stage of  >>>>>>>>]
[2024-11-02 23:13:02,004: INFO: stage_03_model_training: f>>>>>>>>>>> MODEL TRAINING STARTED >>>>>>>>]
[2024-11-02 23:13:02,012: INFO: common: yaml file config\config.yaml is loaded succesfully]
[2024-11-02 23:13:02,022: INFO: common: yaml file params.yaml is loaded succesfully]
[2024-11-02 23:13:02,024: INFO: common: created directory at: artifacts]
[2024-11-02 23:13:02,027: INFO: common: created directory at: artifacts\training]
[2024-11-02 23:13:03,231: WARNING: saving_utils: Compiled the loaded model, but the compiled metrics have yet to be built. `model.compile_metrics` will be empty until you train or evaluate the model.]
[2024-11-02 23:15:10,955: WARNING: saving_api: You are saving your model as an HDF5 file via `model.save()` or `keras.saving.save_model(model)`. This file format is considered legacy. We recommend using instead the native Keras format, e.g. `model.save('my_model.keras')` or `keras.saving.save_model(model, 'my_model.keras')`. ]
[2024-11-02 23:15:11,227: INFO: stage_03_model_training: f<<<<<<<<<<<<<<< stage of {stage_name} MODEL TRAINING FINISHED<<<<<<<<<<<<<<<<<<<]
[2024-11-02 23:18:11,544: INFO: stage_03_model_training: f>>>>>>>>>>> stage of  >>>>>>>>]
[2024-11-02 23:18:11,546: INFO: stage_03_model_training: f>>>>>>>>>>> MODEL TRAINING STARTED >>>>>>>>]
[2024-11-02 23:18:11,561: INFO: common: yaml file config\config.yaml is loaded succesfully]
[2024-11-02 23:18:11,579: INFO: common: yaml file params.yaml is loaded succesfully]
[2024-11-02 23:18:11,582: INFO: common: created directory at: artifacts]
[2024-11-02 23:18:11,585: INFO: common: created directory at: artifacts\training]
[2024-11-02 23:18:12,879: WARNING: saving_utils: Compiled the loaded model, but the compiled metrics have yet to be built. `model.compile_metrics` will be empty until you train or evaluate the model.]
[2024-11-02 23:20:30,735: WARNING: saving_api: You are saving your model as an HDF5 file via `model.save()` or `keras.saving.save_model(model)`. This file format is considered legacy. We recommend using instead the native Keras format, e.g. `model.save('my_model.keras')` or `keras.saving.save_model(model, 'my_model.keras')`. ]
[2024-11-02 23:20:31,035: INFO: stage_03_model_training: f<<<<<<<<<<<<<<< stage of {stage_name} MODEL TRAINING FINISHED<<<<<<<<<<<<<<<<<<<]
[2024-11-02 23:24:51,760: WARNING: saving_utils: Compiled the loaded model, but the compiled metrics have yet to be built. `model.compile_metrics` will be empty until you train or evaluate the model.]
[2024-11-02 23:24:56,957: INFO: _client: HTTP Request: GET https://dagshub.com/api/v1/user "HTTP/1.1 200 OK"]
[2024-11-02 23:24:56,980: INFO: helpers: Accessing as sharadnaik001]
[2024-11-02 23:24:59,492: INFO: _client: HTTP Request: GET https://dagshub.com/api/v1/repos/sharadnaik001/ml_ops-pro "HTTP/1.1 200 OK"]
[2024-11-02 23:24:59,512: INFO: helpers: Initialized MLflow to track repo "sharadnaik001/ml_ops-pro"]
[2024-11-02 23:24:59,520: INFO: helpers: Repository sharadnaik001/ml_ops-pro initialized!]
[2024-11-02 23:25:00,157: WARNING: saving_utils: Compiled the loaded model, but the compiled metrics have yet to be built. `model.compile_metrics` will be empty until you train or evaluate the model.]
[2024-11-02 23:25:00,162: INFO: stage_04_eval: f>>>>>>>>>>> stage of  >>>>>>>>]
[2024-11-02 23:25:00,165: INFO: stage_04_eval: f>>>>>>>>>>> MODEL EVALUATION STARTED >>>>>>>>]
[2024-11-02 23:25:00,172: INFO: common: yaml file config\config.yaml is loaded succesfully]
[2024-11-02 23:25:00,180: INFO: common: yaml file params.yaml is loaded succesfully]
[2024-11-02 23:25:00,182: INFO: common: created directory at: artifacts]
[2024-11-02 23:25:01,007: WARNING: saving_utils: Compiled the loaded model, but the compiled metrics have yet to be built. `model.compile_metrics` will be empty until you train or evaluate the model.]
[2024-11-03 16:10:21,946: INFO: _internal: [31m[1mWARNING: This is a development server. Do not use it in a production deployment. Use a production WSGI server instead.[0m
 * Running on all addresses (0.0.0.0)
 * Running on http://127.0.0.1:8080
 * Running on http://192.168.178.202:8080]
[2024-11-03 16:10:21,950: INFO: _internal: [33mPress CTRL+C to quit[0m]
[2024-11-03 16:10:28,190: INFO: _internal: 127.0.0.1 - - [03/Nov/2024 16:10:28] "GET / HTTP/1.1" 200 -]
